This is pdfTeX, Version 3.1415926-2.5-1.40.14 (TeX Live 2013) (format=pdflatex 2014.5.20)  8 JUL 2014 22:58
entering extended mode
 restricted \write18 enabled.
 %&-line parsing enabled.
**combine_fig.tex
(./combine_fig.tex
LaTeX2e <2011/06/27>
Babel <3.9k> and hyphenation patterns for 78 languages loaded.
(/usr/local/texlive/2013/texmf-dist/tex/latex/standalone/standalone.cls
Document Class: standalone 2012/09/15 v1.1b Class to compile TeX sub-files stan
dalone
(/usr/local/texlive/2013/texmf-dist/tex/generic/oberdiek/ifluatex.sty
Package: ifluatex 2010/03/01 v1.3 Provides the ifluatex switch (HO)
Package ifluatex Info: LuaTeX not detected.
)
(/usr/local/texlive/2013/texmf-dist/tex/generic/oberdiek/ifpdf.sty
Package: ifpdf 2011/01/30 v2.3 Provides the ifpdf switch (HO)
Package ifpdf Info: pdfTeX in PDF mode is detected.
)
(/usr/local/texlive/2013/texmf-dist/tex/generic/ifxetex/ifxetex.sty
Package: ifxetex 2010/09/12 v0.6 Provides ifxetex conditional
)
(/usr/local/texlive/2013/texmf-dist/tex/latex/xkeyval/xkeyval.sty
Package: xkeyval 2012/10/14 v2.6b package option processing (HA)

(/usr/local/texlive/2013/texmf-dist/tex/generic/xkeyval/xkeyval.tex
\XKV@toks=\toks14
\XKV@tempa@toks=\toks15
\XKV@depth=\count79
File: xkeyval.tex 2012/10/14 v2.6b key=value parser (HA)

(/usr/local/texlive/2013/texmf-dist/tex/generic/xkeyval/keyval.tex)))
\sa@internal=\count80

(/usr/local/texlive/2013/texmf-dist/tex/latex/standalone/standalone.cfg
File: standalone.cfg 2012/09/15 v1.1b Default configuration file for 'standalon
e' class
)
(/usr/local/texlive/2013/texmf-dist/tex/latex/base/article.cls
Document Class: article 2007/10/19 v1.4h Standard LaTeX document class
(/usr/local/texlive/2013/texmf-dist/tex/latex/base/size12.clo
File: size12.clo 2007/10/19 v1.4h Standard LaTeX file (size option)
)
\c@part=\count81
\c@section=\count82
\c@subsection=\count83
\c@subsubsection=\count84
\c@paragraph=\count85
\c@subparagraph=\count86
\c@figure=\count87
\c@table=\count88
\abovecaptionskip=\skip41
\belowcaptionskip=\skip42
\bibindent=\dimen102
)
\sa@box=\box26
)
(/usr/local/texlive/2013/texmf-dist/tex/latex/graphics/graphics.sty
Package: graphics 2009/02/05 v1.0o Standard LaTeX Graphics (DPC,SPQR)

(/usr/local/texlive/2013/texmf-dist/tex/latex/graphics/trig.sty
Package: trig 1999/03/16 v1.09 sin cos tan (DPC)
)
(/usr/local/texlive/2013/texmf-dist/tex/latex/latexconfig/graphics.cfg
File: graphics.cfg 2010/04/23 v1.9 graphics configuration of TeX Live
)
Package graphics Info: Driver file: pdftex.def on input line 91.

(/usr/local/texlive/2013/texmf-dist/tex/latex/pdftex-def/pdftex.def
File: pdftex.def 2011/05/27 v0.06d Graphics/color for pdfTeX

(/usr/local/texlive/2013/texmf-dist/tex/generic/oberdiek/infwarerr.sty
Package: infwarerr 2010/04/08 v1.3 Providing info/warning/error messages (HO)
)
(/usr/local/texlive/2013/texmf-dist/tex/generic/oberdiek/ltxcmds.sty
Package: ltxcmds 2011/11/09 v1.22 LaTeX kernel commands for general use (HO)
)
\Gread@gobject=\count89
))
(./combine_fig.aux)
\openout1 = `combine_fig.aux'.

LaTeX Font Info:    Checking defaults for OML/cmm/m/it on input line 3.
LaTeX Font Info:    ... okay on input line 3.
LaTeX Font Info:    Checking defaults for T1/cmr/m/n on input line 3.
LaTeX Font Info:    ... okay on input line 3.
LaTeX Font Info:    Checking defaults for OT1/cmr/m/n on input line 3.
LaTeX Font Info:    ... okay on input line 3.
LaTeX Font Info:    Checking defaults for OMS/cmsy/m/n on input line 3.
LaTeX Font Info:    ... okay on input line 3.
LaTeX Font Info:    Checking defaults for OMX/cmex/m/n on input line 3.
LaTeX Font Info:    ... okay on input line 3.
LaTeX Font Info:    Checking defaults for U/cmr/m/n on input line 3.
LaTeX Font Info:    ... okay on input line 3.

(/usr/local/texlive/2013/texmf-dist/tex/context/base/supp-pdf.mkii
[Loading MPS to PDF converter (version 2006.09.02).]
\scratchcounter=\count90
\scratchdimen=\dimen103
\scratchbox=\box27
\nofMPsegments=\count91
\nofMParguments=\count92
\everyMPshowfont=\toks16
\MPscratchCnt=\count93
\MPscratchDim=\dimen104
\MPnumerator=\count94
\makeMPintoPDFobject=\count95
\everyMPtoPDFconversion=\toks17
) (/usr/local/texlive/2013/texmf-dist/tex/generic/oberdiek/pdftexcmds.sty
Package: pdftexcmds 2011/11/29 v0.20 Utility functions of pdfTeX for LuaTeX (HO
)
Package pdftexcmds Info: LuaTeX not detected.
Package pdftexcmds Info: \pdf@primitive is available.
Package pdftexcmds Info: \pdf@ifprimitive is available.
Package pdftexcmds Info: \pdfdraftmode found.
)
(/usr/local/texlive/2013/texmf-dist/tex/latex/oberdiek/epstopdf-base.sty
Package: epstopdf-base 2010/02/09 v2.5 Base part for package epstopdf

(/usr/local/texlive/2013/texmf-dist/tex/latex/oberdiek/grfext.sty
Package: grfext 2010/08/19 v1.1 Manage graphics extensions (HO)

(/usr/local/texlive/2013/texmf-dist/tex/generic/oberdiek/kvdefinekeys.sty
Package: kvdefinekeys 2011/04/07 v1.3 Define keys (HO)
))
(/usr/local/texlive/2013/texmf-dist/tex/latex/oberdiek/kvoptions.sty
Package: kvoptions 2011/06/30 v3.11 Key value format for package options (HO)

(/usr/local/texlive/2013/texmf-dist/tex/generic/oberdiek/kvsetkeys.sty
Package: kvsetkeys 2012/04/25 v1.16 Key value parser (HO)

(/usr/local/texlive/2013/texmf-dist/tex/generic/oberdiek/etexcmds.sty
Package: etexcmds 2011/02/16 v1.5 Avoid name clashes with e-TeX commands (HO)
Package etexcmds Info: Could not find \expanded.
(etexcmds)             That can mean that you are not using pdfTeX 1.50 or
(etexcmds)             that some package has redefined \expanded.
(etexcmds)             In the latter case, load this package earlier.
)))
Package grfext Info: Graphics extension search list:
(grfext)             [.png,.pdf,.jpg,.mps,.jpeg,.jbig2,.jb2,.PNG,.PDF,.JPG,.JPE
G,.JBIG2,.JB2,.eps]
(grfext)             \AppendGraphicsExtensions on input line 452.

(/usr/local/texlive/2013/texmf-dist/tex/latex/latexconfig/epstopdf-sys.cfg
File: epstopdf-sys.cfg 2010/07/13 v1.3 Configuration of (r)epstopdf for TeX Liv
e
))
<0_errors.pdf, id=1, 469.755pt x 72.81303pt>
File: 0_errors.pdf Graphic file (type pdf)
 <use 0_errors.pdf>
Package pdftex.def Info: 0_errors.pdf used on input line 8.
(pdftex.def)             Requested size: 469.75386pt x 72.81284pt.

<1_errors.pdf, id=2, 469.755pt x 72.81303pt>
File: 1_errors.pdf Graphic file (type pdf)
 <use 1_errors.pdf>
Package pdftex.def Info: 1_errors.pdf used on input line 11.
(pdftex.def)             Requested size: 469.75386pt x 72.81284pt.

<2_errors.pdf, id=3, 469.755pt x 72.81303pt>
File: 2_errors.pdf Graphic file (type pdf)
 <use 2_errors.pdf>
Package pdftex.def Info: 2_errors.pdf used on input line 14.
(pdftex.def)             Requested size: 469.75386pt x 72.81284pt.

<3_errors.pdf, id=4, 469.755pt x 72.81303pt>
File: 3_errors.pdf Graphic file (type pdf)
 <use 3_errors.pdf>
Package pdftex.def Info: 3_errors.pdf used on input line 17.
(pdftex.def)             Requested size: 469.75386pt x 72.81284pt.

<4_errors.pdf, id=5, 469.755pt x 72.81303pt>
File: 4_errors.pdf Graphic file (type pdf)
 <use 4_errors.pdf>
Package pdftex.def Info: 4_errors.pdf used on input line 20.
(pdftex.def)             Requested size: 469.75386pt x 72.81284pt.

<5_errors.pdf, id=6, 469.755pt x 72.81303pt>
File: 5_errors.pdf Graphic file (type pdf)
 <use 5_errors.pdf>
Package pdftex.def Info: 5_errors.pdf used on input line 23.
(pdftex.def)             Requested size: 469.75386pt x 72.81284pt.

<label.pdf, id=7, 502.62279pt x 68.83717pt>
File: label.pdf Graphic file (type pdf)
 <use label.pdf>
Package pdftex.def Info: label.pdf used on input line 24.
(pdftex.def)             Requested size: 502.62155pt x 68.83699pt.

Underfull \hbox (badness 10000) in paragraph at lines 7--26
[]
 []


Underfull \hbox (badness 10000) in paragraph at lines 7--26

 []


Underfull \hbox (badness 10000) in paragraph at lines 7--26
[]
 []


Underfull \hbox (badness 10000) in paragraph at lines 7--26

 []


Underfull \hbox (badness 10000) in paragraph at lines 7--26
[]
 []


Underfull \hbox (badness 10000) in paragraph at lines 7--26

 []


Underfull \hbox (badness 10000) in paragraph at lines 7--26
[]
 []


Underfull \hbox (badness 10000) in paragraph at lines 7--26

 []


Underfull \hbox (badness 10000) in paragraph at lines 7--26
[]
 []


Underfull \hbox (badness 10000) in paragraph at lines 7--26

 []


Underfull \hbox (badness 10000) in paragraph at lines 7--26
[]
 []


Overfull \hbox (18.92471pt too wide) in paragraph at lines 7--26
[]
 []


Underfull \hbox (badness 10000) in paragraph at lines 7--26

 []


Underfull \hbox (badness 10000) in paragraph at lines 7--26

 []

LaTeX Font Info:    External font `cmex10' loaded for size
(Font)              <14.4> on input line 27.
LaTeX Font Info:    External font `cmex10' loaded for size
(Font)              <7> on input line 27.
[1

{/usr/local/texlive/2013/texmf-var/fonts/map/pdftex/updmap/pdftex.map} <./0_err
ors.pdf> <./1_errors.pdf> <./2_errors.pdf> <./3_errors.pdf> <./4_errors.pdf> <.
/5_errors.pdf> <./label.pdf>] (./combine_fig.aux) ) 
Here is how much of TeX's memory you used:
 1860 strings out of 493308
 28358 string characters out of 6137822
 85937 words of memory out of 5000000
 5321 multiletter control sequences out of 15000+600000
 5151 words of font info for 19 fonts, out of 8000000 for 9000
 957 hyphenation exceptions out of 8191
 37i,6n,56p,237b,202s stack positions out of 5000i,500n,10000p,200000b,80000s
</usr/local/texlive/2013/tex
mf-dist/fonts/type1/public/amsfonts/cm/cmr10.pfb></usr/local/texlive/2013/texmf
-dist/fonts/type1/public/amsfonts/cm/cmr12.pfb></usr/local/texlive/2013/texmf-d
ist/fonts/type1/public/cm-super/sfrm1200.pfb>
Output written on combine_fig.pdf (1 page, 2150864 bytes).
PDF statistics:
 78 PDF objects out of 1000 (max. 8388607)
 61 compressed objects within 1 object stream
 0 named destinations out of 1000 (max. 500000)
 36 words of extra memory for PDF output out of 10000 (max. 10000000)

